==================================================
📰 资讯新闻抓取工具
==================================================
📡 抓取 IT之家...
  ✓ 获取 50 条
📡 抓取 36氪...
  ✓ 获取 30 条

📊 共获取 80 条原始新闻
  xiaomi: 3 条
  ai: 3 条
  display: 3 条
  stock: 3 条

✅ 最终 12 条新闻

📝 已生成 js/data/news.js

==================================================

📱 小米/智能硬件 (3 条):
  • 小米 REDMI K90 至尊版手机完整规格曝光：6.83 英寸 1.5K 165Hz 直屏、855
  • 小米澎湃 OS 3 升级：新增 2026 世界杯赛程小部件，相册 AI 修图工具整合
  • “小米辟谣”官微上线，定位小米集团官方辟谣阵地

🤖 AI/IT科技 (3 条):
  • 11.98~99 万元，优必选首款全尺寸超仿生人形机器人优世界 U1 系列发布
  • 英伟达 Jetson 边缘 AI 平台将首次在月球轨道运行，实时分析探测数据
  • 音乐流媒体平台 Tidal 公布人工智能政策：AI 生成作品无法收益化

🖥️ 半导体显示 (3 条):
  • 智界汽车公司股权发生变化，奇瑞不再 100% 持股
  • 华为 MatePad Pro Max 平板海外版发售，鸿蒙 HarmonyOS 4.3 系统、109
  • 优派“VX27G70Z-2K”27 英寸显示器发售：2K 240Hz QD-OLED、原生 10-B

📈 A股 (3 条):
  • 圆通速递 2026 年半年度归母净利润 31 亿元到 34 亿元，同比预增 69.34%~85.73
  • 智能血糖管理需求旺盛，微泰医疗海外营收大增227.2%
  • 永太科技：预计上半年度净利润同比增长351%-461%

==================================================
✅ 已自动提交并推送上线
